Build started 07.10.2015 12:47:04.
     1>Project "C:\Users\Praktikant01\Documents\Visual Studio 2013\Projects\Siri\Siri\Siri.vcxproj" on node 2 (Build target(s)).
     1>ClCompile:
         C:\Program Files (x86)\Microsoft Visual Studio 12.0\VC\bin\CL.exe /c /ZI /nologo /W3 /WX- /sdl /Od /Oy- /D WIN32 /D _DEBUG /D _CONSOLE /D _LIB /D _UNICODE /D UNICODE /Gm /EHsc /RTC1 /MDd /GS /fp:precise /Zc:wchar_t /Zc:forScope /Fo"Debug\\" /Fd"Debug\vc120.pdb" /Gd /TP /analyze- /errorReport:prompt MainClass.cpp
         MainClass.cpp
     1>c:\users\praktikant01\documents\visual studio 2013\projects\siri\siri\mainclass.cpp(83): warning C4018: '<' : signed/unsigned mismatch
     1>c:\users\praktikant01\documents\visual studio 2013\projects\siri\siri\mainclass.cpp(84): warning C4018: '<' : signed/unsigned mismatch
     1>c:\users\praktikant01\documents\visual studio 2013\projects\siri\siri\mainclass.cpp(87): warning C4018: '<' : signed/unsigned mismatch
     1>c:\users\praktikant01\documents\visual studio 2013\projects\siri\siri\mainclass.cpp(92): warning C4018: '<' : signed/unsigned mismatch
     1>c:\users\praktikant01\documents\visual studio 2013\projects\siri\siri\mainclass.cpp(93): warning C4018: '<' : signed/unsigned mismatch
     1>c:\users\praktikant01\documents\visual studio 2013\projects\siri\siri\mainclass.cpp(95): warning C4018: '<' : signed/unsigned mismatch
     1>c:\users\praktikant01\documents\visual studio 2013\projects\siri\siri\mainclass.cpp(121): warning C4018: '<' : signed/unsigned mismatch
     1>c:\users\praktikant01\documents\visual studio 2013\projects\siri\siri\mainclass.cpp(123): warning C4018: '<' : signed/unsigned mismatch
     1>c:\users\praktikant01\documents\visual studio 2013\projects\siri\siri\mainclass.cpp(156): warning C4018: '<' : signed/unsigned mismatch
     1>c:\users\praktikant01\documents\visual studio 2013\projects\siri\siri\mainclass.cpp(158): warning C4018: '<' : signed/unsigned mismatch
       Link:
         C:\Program Files (x86)\Microsoft Visual Studio 12.0\VC\bin\link.exe /ERRORREPORT:PROMPT /OUT:"C:\Users\Praktikant01\Documents\Visual Studio 2013\Projects\Siri\Debug\Siri.exe" /INCREMENTAL /NOLOGO kernel32.lib user32.lib gdi32.lib winspool.lib comdlg32.lib advapi32.lib shell32.lib ole32.lib oleaut32.lib uuid.lib odbc32.lib odbccp32.lib /MANIFEST /MANIFESTUAC:"level='asInvoker' uiAccess='false'" /manifest:embed /DEBUG /PDB:"C:\Users\Praktikant01\Documents\Visual Studio 2013\Projects\Siri\Debug\Siri.pdb" /SUBSYSTEM:CONSOLE /TLBID:1 /DYNAMICBASE /NXCOMPAT /IMPLIB:"C:\Users\Praktikant01\Documents\Visual Studio 2013\Projects\Siri\Debug\Siri.lib" /MACHINE:X86 Debug\MainClass.obj
         Siri.vcxproj -> C:\Users\Praktikant01\Documents\Visual Studio 2013\Projects\Siri\Debug\Siri.exe
     1>Done Building Project "C:\Users\Praktikant01\Documents\Visual Studio 2013\Projects\Siri\Siri\Siri.vcxproj" (Build target(s)).

Build succeeded.

Time Elapsed 00:00:01.32
